Calendarlibrary/build/outputs/logs/manifest-merger-debug-report.txt
-- Merging decision tree log ---
manifest
ADDED from SpaApp\Calendarlibrary\AndroidManifest.xml:1:1-3:12
INJECTED from SpaApp\Calendarlibrary\AndroidManifest.xml:1:1-3:12
INJECTED from SpaApp\Calendarlibrary\AndroidManifest.xml:1:1-3:12
	package
		ADDED from SpaApp\Calendarlibrary\AndroidManifest.xml:1:11-46
		INJECTED from SpaApp\Calendarlibrary\AndroidManifest.xml
		INJECTED from SpaApp\Calendarlibrary\AndroidManifest.xml